<?xml version="1.0" encoding="UTF-8"?>
<testsuite name="ShoppingCartTest" tests="1" skipped="0" failures="0" errors="0" timestamp="2021-12-29T17:16:32" hostname="DESKTOP-F3OU4BV" time="0.085">
  <properties/>
  <testcase name="test_appendFormatted()" classname="ShoppingCartTest" time="0.085"/>
  <system-out><![CDATA[]]></system-out>
  <system-err><![CDATA[]]></system-err>
</testsuite>
